<?xml version="1.0" encoding="UTF-8"?>
<!-- Generated by org.testng.reporters.JUnitXMLReporter -->
<testsuite ignored="0" hostname="LAPTOP-B5LLFCD0" failures="0" tests="5" name="Default test" time="6.442" errors="0" timestamp="26 Oct 2022 06:25:14 GMT">
  <testcase classname="testCases.TC_VideoGameAPI" name="Test_getAllVideoGame" time="1.951"/>
  <testcase classname="testCases.TC_VideoGameAPI" name="Test_addNewVideoGame" time="0.626"/>
  <testcase classname="testCases.TC_VideoGameAPI" name="Test_getVideoGame" time="0.625"/>
  <testcase classname="testCases.TC_VideoGameAPI" name="Test_updateVideoGame" time="0.104"/>
  <testcase classname="testCases.TC_VideoGameAPI" name="Test_deleteVideoGame" time="3.04"/>
</testsuite> <!-- Default test -->
