<?xml version="1.0" encoding="UTF-8"?>
<!-- Generated by org.testng.reporters.JUnitXMLReporter -->
<testsuite hostname="LAPTOP-B5LLFCD0" ignored="0" name="Test" tests="5" failures="0" timestamp="26 Oct 2022 06:27:11 GMT" time="6.716" errors="0">
  <testcase name="Test_getAllVideoGame" time="2.14" classname="testCases.TC_VideoGameAPI"/>
  <testcase name="Test_addNewVideoGame" time="0.667" classname="testCases.TC_VideoGameAPI"/>
  <testcase name="Test_getVideoGame" time="0.721" classname="testCases.TC_VideoGameAPI"/>
  <testcase name="Test_updateVideoGame" time="0.107" classname="testCases.TC_VideoGameAPI"/>
  <testcase name="Test_deleteVideoGame" time="3.04" classname="testCases.TC_VideoGameAPI"/>
</testsuite> <!-- Test -->
