<?xml version="1.0" encoding="UTF-8"?>
<testng-results ignored="0" total="5" passed="5" failed="0" skipped="0">
  <reporter-output>
  </reporter-output>
  <suite started-at="2022-10-26T06:25:07Z" name="Default suite" finished-at="2022-10-26T06:25:14Z" duration-ms="6442">
    <groups>
    </groups>
    <test started-at="2022-10-26T06:25:07Z" name="Default test" finished-at="2022-10-26T06:25:14Z" duration-ms="6442">
      <class name="testCases.TC_VideoGameAPI">
        <test-method signature="Test_getAllVideoGame()[pri:1, instance:testCases.TC_VideoGameAPI@242b836]" started-at="2022-10-26T06:25:07Z" name="Test_getAllVideoGame" finished-at="2022-10-26T06:25:09Z" duration-ms="1951" status="PASS">
          <reporter-output>
          </reporter-output>
        </test-method> <!-- Test_getAllVideoGame -->
        <test-method signature="Test_addNewVideoGame()[pri:2, instance:testCases.TC_VideoGameAPI@242b836]" started-at="2022-10-26T06:25:09Z" name="Test_addNewVideoGame" finished-at="2022-10-26T06:25:10Z" duration-ms="626" status="PASS">
          <reporter-output>
          </reporter-output>
        </test-method> <!-- Test_addNewVideoGame -->
        <test-method signature="Test_getVideoGame()[pri:3, instance:testCases.TC_VideoGameAPI@242b836]" started-at="2022-10-26T06:25:10Z" name="Test_getVideoGame" finished-at="2022-10-26T06:25:10Z" duration-ms="625" status="PASS">
          <reporter-output>
          </reporter-output>
        </test-method> <!-- Test_getVideoGame -->
        <test-method signature="Test_updateVideoGame()[pri:4, instance:testCases.TC_VideoGameAPI@242b836]" started-at="2022-10-26T06:25:10Z" name="Test_updateVideoGame" finished-at="2022-10-26T06:25:11Z" duration-ms="104" status="PASS">
          <reporter-output>
          </reporter-output>
        </test-method> <!-- Test_updateVideoGame -->
        <test-method signature="Test_deleteVideoGame()[pri:5, instance:testCases.TC_VideoGameAPI@242b836]" started-at="2022-10-26T06:25:11Z" name="Test_deleteVideoGame" finished-at="2022-10-26T06:25:14Z" duration-ms="3040" status="PASS">
          <reporter-output>
          </reporter-output>
        </test-method> <!-- Test_deleteVideoGame -->
      </class> <!-- testCases.TC_VideoGameAPI -->
    </test> <!-- Default test -->
  </suite> <!-- Default suite -->
</testng-results>
